{"/Users/baher/Desktop/MOB-defi-fullstack/mob-routing-frontend/src/components/RouteCalculator.vue": {"path":"/Users/baher/Desktop/MOB-defi-fullstack/mob-routing-frontend/src/components/RouteCalculator.vue","statementMap":{"0":{"start":{"line":172,"column":6},"end":{"line":172,"column":null}},"1":{"start":{"line":173,"column":6},"end":{"line":173,"column":null}},"2":{"start":{"line":174,"column":6},"end":{"line":174,"column":null}},"3":{"start":{"line":175,"column":6},"end":{"line":175,"column":null}},"4":{"start":{"line":176,"column":6},"end":{"line":176,"column":null}},"5":{"start":{"line":179,"column":6},"end":{"line":183,"column":null}},"6":{"start":{"line":186,"column":6},"end":{"line":199,"column":null}},"7":{"start":{"line":202,"column":6},"end":{"line":208,"column":null}},"8":{"start":{"line":211,"column":14},"end":{"line":215,"column":null}},"9":{"start":{"line":212,"column":31},"end":{"line":212,"column":null}},"10":{"start":{"line":214,"column":6},"end":{"line":214,"column":null}},"11":{"start":{"line":218,"column":21},"end":{"line":239,"column":null}},"12":{"start":{"line":219,"column":2},"end":{"line":219,"column":null}},"13":{"start":{"line":219,"column":24},"end":{"line":219,"column":null}},"14":{"start":{"line":221,"column":2},"end":{"line":221,"column":null}},"15":{"start":{"line":222,"column":2},"end":{"line":222,"column":null}},"16":{"start":{"line":223,"column":2},"end":{"line":223,"column":null}},"17":{"start":{"line":225,"column":2},"end":{"line":238,"column":null}},"18":{"start":{"line":226,"column":4},"end":{"line":226,"column":null}},"19":{"start":{"line":228,"column":4},"end":{"line":235,"column":null}},"20":{"start":{"line":229,"column":6},"end":{"line":229,"column":null}},"21":{"start":{"line":231,"column":6},"end":{"line":234,"column":null}},"22":{"start":{"line":237,"column":4},"end":{"line":237,"column":null}},"23":{"start":{"line":242,"column":14},"end":{"line":251,"column":null}},"24":{"start":{"line":243,"column":2},"end":{"line":243,"column":null}},"25":{"start":{"line":244,"column":2},"end":{"line":244,"column":null}},"26":{"start":{"line":245,"column":2},"end":{"line":249,"column":null}},"27":{"start":{"line":250,"column":2},"end":{"line":250,"column":null}},"28":{"start":{"line":254,"column":19},"end":{"line":259,"column":null}},"29":{"start":{"line":255,"column":2},"end":{"line":258,"column":null}},"30":{"start":{"line":116,"column":17},"end":{"line":116,"column":null}},"31":{"start":{"line":133,"column":17},"end":{"line":133,"column":null}},"32":{"start":{"line":7,"column":71},"end":{"line":9,"column":25}},"33":{"start":{"line":7,"column":62},"end":{"line":7,"column":71}},"34":{"start":{"line":12,"column":43},"end":{"line":12,"column":55}},"35":{"start":{"line":15,"column":27},"end":{"line":15,"column":null}},"36":{"start":{"line":29,"column":27},"end":{"line":29,"column":null}},"37":{"start":{"line":43,"column":27},"end":{"line":43,"column":null}},"38":{"start":{"line":63,"column":53},"end":{"line":65,"column":22}},"39":{"start":{"line":63,"column":44},"end":{"line":63,"column":53}},"40":{"start":{"line":73,"column":51},"end":{"line":75,"column":25}},"41":{"start":{"line":73,"column":42},"end":{"line":73,"column":51}},"42":{"start":{"line":81,"column":56},"end":{"line":81,"column":65}},"43":{"start":{"line":83,"column":41},"end":{"line":83,"column":61}},"44":{"start":{"line":84,"column":64},"end":{"line":84,"column":64}},"45":{"start":{"line":89,"column":54},"end":{"line":89,"column":63}},"46":{"start":{"line":91,"column":42},"end":{"line":91,"column":62}},"47":{"start":{"line":92,"column":62},"end":{"line":92,"column":62}},"48":{"start":{"line":97,"column":51},"end":{"line":97,"column":60}},"49":{"start":{"line":99,"column":50},"end":{"line":99,"column":70}},"50":{"start":{"line":101,"column":41},"end":{"line":102,"column":39}},"51":{"start":{"line":107,"column":46},"end":{"line":107,"column":55}},"52":{"start":{"line":109,"column":49},"end":{"line":109,"column":69}},"53":{"start":{"line":110,"column":63},"end":{"line":110,"column":63}},"54":{"start":{"line":117,"column":38},"end":{"line":117,"column":47}},"55":{"start":{"line":127,"column":29},"end":{"line":127,"column":29}},"56":{"start":{"line":134,"column":50},"end":{"line":134,"column":59}},"57":{"start":{"line":141,"column":48},"end":{"line":143,"column":20}},"58":{"start":{"line":141,"column":39},"end":{"line":141,"column":48}},"59":{"start":{"line":153,"column":26},"end":{"line":153,"column":null}},"60":{"start":{"line":155,"column":31},"end":{"line":155,"column":47}},"61":{"start":{"line":158,"column":12},"end":{"line":158,"column":87}}},"fnMap":{"0":{"name":"(anonymous_0)","decl":{"start":{"line":212,"column":12},"end":{"line":212,"column":13}},"loc":{"start":{"line":212,"column":31},"end":{"line":212,"column":null}},"line":212},"1":{"name":"(anonymous_1)","decl":{"start":{"line":213,"column":13},"end":{"line":213,"column":14}},"loc":{"start":{"line":214,"column":6},"end":{"line":214,"column":null}},"line":214},"2":{"name":"(anonymous_2)","decl":{"start":{"line":218,"column":21},"end":{"line":218,"column":33}},"loc":{"start":{"line":218,"column":33},"end":{"line":239,"column":null}},"line":218},"3":{"name":"(anonymous_3)","decl":{"start":{"line":242,"column":14},"end":{"line":242,"column":20}},"loc":{"start":{"line":242,"column":20},"end":{"line":251,"column":null}},"line":242},"4":{"name":"(anonymous_4)","decl":{"start":{"line":254,"column":19},"end":{"line":254,"column":20}},"loc":{"start":{"line":254,"column":43},"end":{"line":259,"column":null}},"line":254},"5":{"name":"(anonymous_5)","decl":{"start":{"line":7,"column":12},"end":{"line":7,"column":20}},"loc":{"start":{"line":7,"column":71},"end":{"line":9,"column":25}},"line":7},"6":{"name":"(anonymous_6)","decl":{"start":{"line":7,"column":39},"end":{"line":7,"column":62}},"loc":{"start":{"line":7,"column":62},"end":{"line":7,"column":71}},"line":7},"7":{"name":"(anonymous_7)","decl":{"start":{"line":12,"column":43},"end":{"line":12,"column":52}},"loc":{"start":{"line":12,"column":43},"end":{"line":12,"column":55}},"line":12},"8":{"name":"(anonymous_8)","decl":{"start":{"line":15,"column":32},"end":{"line":15,"column":45}},"loc":{"start":{"line":15,"column":27},"end":{"line":15,"column":null}},"line":15},"9":{"name":"(anonymous_9)","decl":{"start":{"line":29,"column":32},"end":{"line":29,"column":43}},"loc":{"start":{"line":29,"column":27},"end":{"line":29,"column":null}},"line":29},"10":{"name":"(anonymous_10)","decl":{"start":{"line":43,"column":32},"end":{"line":43,"column":44}},"loc":{"start":{"line":43,"column":27},"end":{"line":43,"column":null}},"line":43},"11":{"name":"(anonymous_11)","decl":{"start":{"line":63,"column":16},"end":{"line":63,"column":24}},"loc":{"start":{"line":63,"column":53},"end":{"line":65,"column":22}},"line":63},"12":{"name":"(anonymous_12)","decl":{"start":{"line":63,"column":30},"end":{"line":63,"column":44}},"loc":{"start":{"line":63,"column":44},"end":{"line":63,"column":53}},"line":63},"13":{"name":"(anonymous_13)","decl":{"start":{"line":73,"column":12},"end":{"line":73,"column":20}},"loc":{"start":{"line":73,"column":51},"end":{"line":75,"column":25}},"line":73},"14":{"name":"(anonymous_14)","decl":{"start":{"line":73,"column":26},"end":{"line":73,"column":42}},"loc":{"start":{"line":73,"column":42},"end":{"line":73,"column":51}},"line":73},"15":{"name":"(anonymous_15)","decl":{"start":{"line":81,"column":42},"end":{"line":81,"column":56}},"loc":{"start":{"line":81,"column":56},"end":{"line":81,"column":65}},"line":81},"16":{"name":"(anonymous_16)","decl":{"start":{"line":83,"column":35},"end":{"line":83,"column":41}},"loc":{"start":{"line":83,"column":41},"end":{"line":83,"column":61}},"line":83},"17":{"name":"(anonymous_17)","decl":{"start":{"line":84,"column":38},"end":{"line":84,"column":41}},"loc":{"start":{"line":84,"column":64},"end":{"line":84,"column":64}},"line":84},"18":{"name":"(anonymous_18)","decl":{"start":{"line":89,"column":40},"end":{"line":89,"column":54}},"loc":{"start":{"line":89,"column":54},"end":{"line":89,"column":63}},"line":89},"19":{"name":"(anonymous_19)","decl":{"start":{"line":91,"column":35},"end":{"line":91,"column":42}},"loc":{"start":{"line":91,"column":42},"end":{"line":91,"column":62}},"line":91},"20":{"name":"(anonymous_20)","decl":{"start":{"line":92,"column":38},"end":{"line":92,"column":41}},"loc":{"start":{"line":92,"column":62},"end":{"line":92,"column":62}},"line":92},"21":{"name":"(anonymous_21)","decl":{"start":{"line":97,"column":42},"end":{"line":97,"column":51}},"loc":{"start":{"line":97,"column":51},"end":{"line":97,"column":60}},"line":97},"22":{"name":"(anonymous_22)","decl":{"start":{"line":99,"column":35},"end":{"line":99,"column":50}},"loc":{"start":{"line":99,"column":50},"end":{"line":99,"column":70}},"line":99},"23":{"name":"(anonymous_23)","decl":{"start":{"line":101,"column":18},"end":{"line":101,"column":21}},"loc":{"start":{"line":101,"column":41},"end":{"line":102,"column":39}},"line":101},"24":{"name":"(anonymous_24)","decl":{"start":{"line":107,"column":39},"end":{"line":107,"column":46}},"loc":{"start":{"line":107,"column":46},"end":{"line":107,"column":55}},"line":107},"25":{"name":"(anonymous_25)","decl":{"start":{"line":109,"column":35},"end":{"line":109,"column":49}},"loc":{"start":{"line":109,"column":49},"end":{"line":109,"column":69}},"line":109},"26":{"name":"(anonymous_26)","decl":{"start":{"line":110,"column":38},"end":{"line":110,"column":41}},"loc":{"start":{"line":110,"column":63},"end":{"line":110,"column":63}},"line":110},"27":{"name":"(anonymous_27)","decl":{"start":{"line":117,"column":28},"end":{"line":117,"column":38}},"loc":{"start":{"line":117,"column":38},"end":{"line":117,"column":47}},"line":117},"28":{"name":"(anonymous_28)","decl":{"start":{"line":127,"column":16},"end":{"line":127,"column":19}},"loc":{"start":{"line":127,"column":29},"end":{"line":127,"column":29}},"line":127},"29":{"name":"(anonymous_29)","decl":{"start":{"line":134,"column":41},"end":{"line":134,"column":50}},"loc":{"start":{"line":134,"column":50},"end":{"line":134,"column":59}},"line":134},"30":{"name":"(anonymous_30)","decl":{"start":{"line":141,"column":14},"end":{"line":141,"column":22}},"loc":{"start":{"line":141,"column":48},"end":{"line":143,"column":20}},"line":141},"31":{"name":"(anonymous_31)","decl":{"start":{"line":141,"column":28},"end":{"line":141,"column":39}},"loc":{"start":{"line":141,"column":39},"end":{"line":141,"column":48}},"line":141},"32":{"name":"(anonymous_32)","decl":{"start":{"line":153,"column":24},"end":{"line":153,"column":26}},"loc":{"start":{"line":153,"column":26},"end":{"line":153,"column":null}},"line":153},"33":{"name":"(anonymous_33)","decl":{"start":{"line":155,"column":25},"end":{"line":155,"column":31}},"loc":{"start":{"line":155,"column":31},"end":{"line":155,"column":47}},"line":155},"34":{"name":"(anonymous_34)","decl":{"start":{"line":158,"column":55},"end":{"line":158,"column":58}},"loc":{"start":{"line":158,"column":37},"end":{"line":158,"column":87}},"line":158}},"branchMap":{"0":{"loc":{"start":{"line":212,"column":31},"end":{"line":212,"column":null}},"type":"binary-expr","locations":[{"start":{"line":212,"column":31},"end":{"line":212,"column":42}},{"start":{"line":212,"column":42},"end":{"line":212,"column":null}}],"line":212},"1":{"loc":{"start":{"line":214,"column":6},"end":{"line":214,"column":null}},"type":"binary-expr","locations":[{"start":{"line":214,"column":6},"end":{"line":214,"column":44}},{"start":{"line":214,"column":44},"end":{"line":214,"column":null}}],"line":214},"2":{"loc":{"start":{"line":219,"column":2},"end":{"line":219,"column":null}},"type":"if","locations":[{"start":{"line":219,"column":2},"end":{"line":219,"column":null}},{"start":{},"end":{}}],"line":219},"3":{"loc":{"start":{"line":228,"column":4},"end":{"line":235,"column":null}},"type":"if","locations":[{"start":{"line":228,"column":4},"end":{"line":235,"column":null}},{"start":{"line":230,"column":11},"end":{"line":235,"column":null}}],"line":228},"4":{"loc":{"start":{"line":232,"column":17},"end":{"line":232,"column":null}},"type":"binary-expr","locations":[{"start":{"line":232,"column":17},"end":{"line":232,"column":32}},{"start":{"line":232,"column":32},"end":{"line":232,"column":null}}],"line":232},"5":{"loc":{"start":{"line":7,"column":62},"end":{"line":7,"column":71}},"type":"binary-expr","locations":[{"start":{"line":7,"column":62},"end":{"line":7,"column":71}},{"start":{"line":7,"column":62},"end":{"line":7,"column":71}}],"line":7},"6":{"loc":{"start":{"line":12,"column":43},"end":{"line":12,"column":55}},"type":"binary-expr","locations":[{"start":{"line":12,"column":43},"end":{"line":12,"column":52}},{"start":{"line":12,"column":43},"end":{"line":12,"column":55}}],"line":12},"7":{"loc":{"start":{"line":15,"column":32},"end":{"line":15,"column":null}},"type":"binary-expr","locations":[{"start":{"line":15,"column":32},"end":{"line":15,"column":45}},{"start":{"line":15,"column":32},"end":{"line":15,"column":null}}],"line":15},"8":{"loc":{"start":{"line":29,"column":32},"end":{"line":29,"column":null}},"type":"binary-expr","locations":[{"start":{"line":29,"column":32},"end":{"line":29,"column":43}},{"start":{"line":29,"column":32},"end":{"line":29,"column":null}}],"line":29},"9":{"loc":{"start":{"line":43,"column":32},"end":{"line":43,"column":null}},"type":"binary-expr","locations":[{"start":{"line":43,"column":32},"end":{"line":43,"column":44}},{"start":{"line":43,"column":32},"end":{"line":43,"column":null}}],"line":43},"10":{"loc":{"start":{"line":60,"column":27},"end":{"line":60,"column":null}},"type":"binary-expr","locations":[{"start":{"line":60,"column":27},"end":{"line":60,"column":43}},{"start":{"line":60,"column":43},"end":{"line":60,"column":null}}],"line":60},"11":{"loc":{"start":{"line":63,"column":44},"end":{"line":63,"column":53}},"type":"binary-expr","locations":[{"start":{"line":63,"column":44},"end":{"line":63,"column":53}},{"start":{"line":63,"column":44},"end":{"line":63,"column":53}}],"line":63},"12":{"loc":{"start":{"line":73,"column":42},"end":{"line":73,"column":51}},"type":"binary-expr","locations":[{"start":{"line":73,"column":42},"end":{"line":73,"column":51}},{"start":{"line":73,"column":42},"end":{"line":73,"column":51}}],"line":73},"13":{"loc":{"start":{"line":81,"column":56},"end":{"line":81,"column":65}},"type":"binary-expr","locations":[{"start":{"line":81,"column":56},"end":{"line":81,"column":65}},{"start":{"line":81,"column":56},"end":{"line":81,"column":65}}],"line":81},"14":{"loc":{"start":{"line":83,"column":41},"end":{"line":83,"column":61}},"type":"binary-expr","locations":[{"start":{"line":83,"column":41},"end":{"line":83,"column":61}},{"start":{"line":83,"column":41},"end":{"line":83,"column":61}}],"line":83},"15":{"loc":{"start":{"line":89,"column":54},"end":{"line":89,"column":63}},"type":"binary-expr","locations":[{"start":{"line":89,"column":54},"end":{"line":89,"column":63}},{"start":{"line":89,"column":54},"end":{"line":89,"column":63}}],"line":89},"16":{"loc":{"start":{"line":91,"column":42},"end":{"line":91,"column":62}},"type":"binary-expr","locations":[{"start":{"line":91,"column":42},"end":{"line":91,"column":62}},{"start":{"line":91,"column":42},"end":{"line":91,"column":62}}],"line":91},"17":{"loc":{"start":{"line":97,"column":51},"end":{"line":97,"column":60}},"type":"binary-expr","locations":[{"start":{"line":97,"column":51},"end":{"line":97,"column":60}},{"start":{"line":97,"column":51},"end":{"line":97,"column":60}}],"line":97},"18":{"loc":{"start":{"line":99,"column":50},"end":{"line":99,"column":70}},"type":"binary-expr","locations":[{"start":{"line":99,"column":50},"end":{"line":99,"column":70}},{"start":{"line":99,"column":50},"end":{"line":99,"column":70}}],"line":99},"19":{"loc":{"start":{"line":107,"column":46},"end":{"line":107,"column":55}},"type":"binary-expr","locations":[{"start":{"line":107,"column":46},"end":{"line":107,"column":55}},{"start":{"line":107,"column":46},"end":{"line":107,"column":55}}],"line":107},"20":{"loc":{"start":{"line":109,"column":49},"end":{"line":109,"column":69}},"type":"binary-expr","locations":[{"start":{"line":109,"column":49},"end":{"line":109,"column":69}},{"start":{"line":109,"column":49},"end":{"line":109,"column":69}}],"line":109},"21":{"loc":{"start":{"line":117,"column":38},"end":{"line":117,"column":47}},"type":"binary-expr","locations":[{"start":{"line":117,"column":38},"end":{"line":117,"column":47}},{"start":{"line":117,"column":38},"end":{"line":117,"column":47}}],"line":117},"22":{"loc":{"start":{"line":124,"column":26},"end":{"line":124,"column":null}},"type":"cond-expr","locations":[{"start":{"line":124,"column":31},"end":{"line":124,"column":52}},{"start":{"line":124,"column":52},"end":{"line":124,"column":null}}],"line":124},"23":{"loc":{"start":{"line":124,"column":52},"end":{"line":124,"column":null}},"type":"cond-expr","locations":[{"start":{"line":124,"column":80},"end":{"line":124,"column":null}},{"start":{"line":124,"column":80},"end":{"line":124,"column":null}}],"line":124},"24":{"loc":{"start":{"line":134,"column":50},"end":{"line":134,"column":59}},"type":"binary-expr","locations":[{"start":{"line":134,"column":50},"end":{"line":134,"column":59}},{"start":{"line":134,"column":50},"end":{"line":134,"column":59}}],"line":134},"25":{"loc":{"start":{"line":141,"column":39},"end":{"line":141,"column":48}},"type":"binary-expr","locations":[{"start":{"line":141,"column":39},"end":{"line":141,"column":48}},{"start":{"line":141,"column":39},"end":{"line":141,"column":48}}],"line":141},"26":{"loc":{"start":{"line":153,"column":24},"end":{"line":153,"column":null}},"type":"binary-expr","locations":[{"start":{"line":153,"column":24},"end":{"line":153,"column":26}},{"start":{"line":153,"column":24},"end":{"line":153,"column":null}}],"line":153},"27":{"loc":{"start":{"line":155,"column":31},"end":{"line":155,"column":47}},"type":"binary-expr","locations":[{"start":{"line":155,"column":31},"end":{"line":155,"column":47}},{"start":{"line":155,"column":31},"end":{"line":155,"column":47}}],"line":155},"28":{"loc":{"start":{"line":157,"column":20},"end":{"line":157,"column":null}},"type":"binary-expr","locations":[{"start":{"line":157,"column":20},"end":{"line":157,"column":37}},{"start":{"line":157,"column":37},"end":{"line":157,"column":null}}],"line":157}},"s":{"0":7,"1":7,"2":7,"3":7,"4":7,"5":7,"6":7,"7":7,"8":7,"9":28,"10":2,"11":7,"12":2,"13":0,"14":2,"15":2,"16":2,"17":2,"18":2,"19":1,"20":1,"21":0,"22":2,"23":7,"24":1,"25":1,"26":1,"27":1,"28":7,"29":2,"30":1,"31":1,"32":10,"33":10,"34":11,"35":1,"36":1,"37":1,"38":23,"39":23,"40":1,"41":1,"42":1,"43":1,"44":1,"45":1,"46":1,"47":1,"48":1,"49":1,"50":1,"51":1,"52":1,"53":1,"54":1,"55":3,"56":1,"57":1,"58":1,"59":0,"60":1,"61":0},"f":{"0":28,"1":2,"2":2,"3":1,"4":2,"5":10,"6":10,"7":11,"8":1,"9":1,"10":1,"11":23,"12":23,"13":1,"14":1,"15":1,"16":1,"17":1,"18":1,"19":1,"20":1,"21":1,"22":1,"23":1,"24":1,"25":1,"26":1,"27":1,"28":3,"29":1,"30":1,"31":1,"32":0,"33":1,"34":0},"b":{"0":[28,17],"1":[2,0],"2":[0,2],"3":[1,0],"4":[0,0],"5":[10,7],"6":[23,7],"7":[23,7],"8":[23,7],"9":[23,7],"10":[23,6],"11":[23,7],"12":[1,1],"13":[1,1],"14":[1,1],"15":[1,1],"16":[1,1],"17":[1,1],"18":[1,1],"19":[1,1],"20":[1,1],"21":[1,1],"22":[1,2],"23":[1,1],"24":[1,1],"25":[1,1],"26":[1,1],"27":[1,1],"28":[1,1]},"meta":{"lastBranch":29,"lastFunction":35,"lastStatement":62,"seen":{"s:172:6:172:Infinity":0,"s:173:6:173:Infinity":1,"s:174:6:174:Infinity":2,"s:175:6:175:Infinity":3,"s:176:6:176:Infinity":4,"s:179:6:183:Infinity":5,"s:186:6:199:Infinity":6,"s:202:6:208:Infinity":7,"s:211:14:215:Infinity":8,"f:212:12:212:13":0,"s:212:31:212:Infinity":9,"b:212:31:212:42:212:42:212:Infinity":0,"f:213:13:213:14":1,"s:214:6:214:Infinity":10,"b:214:6:214:44:214:44:214:Infinity":1,"s:218:21:239:Infinity":11,"f:218:21:218:33":2,"b:219:2:219:Infinity:undefined:undefined:undefined:undefined":2,"s:219:2:219:Infinity":12,"s:219:24:219:Infinity":13,"s:221:2:221:Infinity":14,"s:222:2:222:Infinity":15,"s:223:2:223:Infinity":16,"s:225:2:238:Infinity":17,"s:226:4:226:Infinity":18,"b:228:4:235:Infinity:230:11:235:Infinity":3,"s:228:4:235:Infinity":19,"s:229:6:229:Infinity":20,"s:231:6:234:Infinity":21,"b:232:17:232:32:232:32:232:Infinity":4,"s:237:4:237:Infinity":22,"s:242:14:251:Infinity":23,"f:242:14:242:20":3,"s:243:2:243:Infinity":24,"s:244:2:244:Infinity":25,"s:245:2:249:Infinity":26,"s:250:2:250:Infinity":27,"s:254:19:259:Infinity":28,"f:254:19:254:20":4,"s:255:2:258:Infinity":29,"s:116:17:116:Infinity":30,"s:133:17:133:Infinity":31,"f:7:12:7:20":5,"s:7:71:9:25":32,"f:7:39:7:62":6,"s:7:62:7:71":33,"b:7:62:7:71:7:62:7:71":5,"b:12:43:12:52:12:43:12:55":6,"f:12:43:12:52":7,"s:12:43:12:55":34,"b:15:32:15:45:15:32:15:Infinity":7,"f:15:32:15:45":8,"s:15:27:15:Infinity":35,"b:29:32:29:43:29:32:29:Infinity":8,"f:29:32:29:43":9,"s:29:27:29:Infinity":36,"b:43:32:43:44:43:32:43:Infinity":9,"f:43:32:43:44":10,"s:43:27:43:Infinity":37,"b:60:27:60:43:60:43:60:Infinity":10,"f:63:16:63:24":11,"s:63:53:65:22":38,"f:63:30:63:44":12,"s:63:44:63:53":39,"b:63:44:63:53:63:44:63:53":11,"f:73:12:73:20":13,"s:73:51:75:25":40,"f:73:26:73:42":14,"s:73:42:73:51":41,"b:73:42:73:51:73:42:73:51":12,"f:81:42:81:56":15,"s:81:56:81:65":42,"b:81:56:81:65:81:56:81:65":13,"f:83:35:83:41":16,"s:83:41:83:61":43,"b:83:41:83:61:83:41:83:61":14,"f:84:38:84:41":17,"s:84:64:84:64":44,"f:89:40:89:54":18,"s:89:54:89:63":45,"b:89:54:89:63:89:54:89:63":15,"f:91:35:91:42":19,"s:91:42:91:62":46,"b:91:42:91:62:91:42:91:62":16,"f:92:38:92:41":20,"s:92:62:92:62":47,"f:97:42:97:51":21,"s:97:51:97:60":48,"b:97:51:97:60:97:51:97:60":17,"f:99:35:99:50":22,"s:99:50:99:70":49,"b:99:50:99:70:99:50:99:70":18,"f:101:18:101:21":23,"s:101:41:102:39":50,"f:107:39:107:46":24,"s:107:46:107:55":51,"b:107:46:107:55:107:46:107:55":19,"f:109:35:109:49":25,"s:109:49:109:69":52,"b:109:49:109:69:109:49:109:69":20,"f:110:38:110:41":26,"s:110:63:110:63":53,"f:117:28:117:38":27,"s:117:38:117:47":54,"b:117:38:117:47:117:38:117:47":21,"b:124:31:124:52:124:52:124:Infinity":22,"b:124:80:124:Infinity:124:80:124:Infinity":23,"f:127:16:127:19":28,"s:127:29:127:29":55,"f:134:41:134:50":29,"s:134:50:134:59":56,"b:134:50:134:59:134:50:134:59":24,"f:141:14:141:22":30,"s:141:48:143:20":57,"f:141:28:141:39":31,"s:141:39:141:48":58,"b:141:39:141:48:141:39:141:48":25,"b:153:24:153:26:153:24:153:Infinity":26,"f:153:24:153:26":32,"s:153:26:153:Infinity":59,"f:155:25:155:31":33,"s:155:31:155:47":60,"b:155:31:155:47:155:31:155:47":27,"b:157:20:157:37:157:37:157:Infinity":28,"f:158:55:158:58":34,"s:158:12:158:87":61}}}
,"/Users/baher/Desktop/MOB-defi-fullstack/mob-routing-frontend/src/services/api.ts": {"path":"/Users/baher/Desktop/MOB-defi-fullstack/mob-routing-frontend/src/services/api.ts","statementMap":{"0":{"start":{"line":4,"column":21},"end":{"line":4,"column":null}},"1":{"start":{"line":7,"column":27},"end":{"line":12,"column":null}},"2":{"start":{"line":15,"column":0},"end":{"line":26,"column":null}},"3":{"start":{"line":17,"column":22},"end":{"line":17,"column":null}},"4":{"start":{"line":18,"column":8},"end":{"line":20,"column":null}},"5":{"start":{"line":19,"column":12},"end":{"line":19,"column":null}},"6":{"start":{"line":21,"column":8},"end":{"line":21,"column":null}},"7":{"start":{"line":24,"column":8},"end":{"line":24,"column":null}},"8":{"start":{"line":29,"column":0},"end":{"line":39,"column":null}},"9":{"start":{"line":30,"column":18},"end":{"line":30,"column":null}},"10":{"start":{"line":32,"column":8},"end":{"line":36,"column":null}},"11":{"start":{"line":34,"column":12},"end":{"line":34,"column":null}},"12":{"start":{"line":35,"column":12},"end":{"line":35,"column":null}},"13":{"start":{"line":37,"column":8},"end":{"line":37,"column":null}},"14":{"start":{"line":43,"column":21},"end":{"line":46,"column":null}},"15":{"start":{"line":47,"column":4},"end":{"line":47,"column":null}},"16":{"start":{"line":51,"column":4},"end":{"line":51,"column":null}},"17":{"start":{"line":55,"column":4},"end":{"line":55,"column":null}},"18":{"start":{"line":60,"column":21},"end":{"line":60,"column":null}},"19":{"start":{"line":61,"column":4},"end":{"line":61,"column":null}},"20":{"start":{"line":69,"column":21},"end":{"line":69,"column":null}},"21":{"start":{"line":70,"column":4},"end":{"line":70,"column":null}}},"fnMap":{"0":{"name":"(anonymous_0)","decl":{"start":{"line":16,"column":4},"end":{"line":16,"column":5}},"loc":{"start":{"line":16,"column":16},"end":{"line":22,"column":null}},"line":16},"1":{"name":"(anonymous_1)","decl":{"start":{"line":23,"column":4},"end":{"line":23,"column":5}},"loc":{"start":{"line":23,"column":15},"end":{"line":25,"column":null}},"line":23},"2":{"name":"(anonymous_2)","decl":{"start":{"line":30,"column":4},"end":{"line":30,"column":5}},"loc":{"start":{"line":30,"column":18},"end":{"line":30,"column":null}},"line":30},"3":{"name":"(anonymous_3)","decl":{"start":{"line":31,"column":4},"end":{"line":31,"column":5}},"loc":{"start":{"line":31,"column":15},"end":{"line":38,"column":null}},"line":31},"4":{"name":"loginApi","decl":{"start":{"line":42,"column":22},"end":{"line":42,"column":31}},"loc":{"start":{"line":42,"column":81},"end":{"line":48,"column":null}},"line":42},"5":{"name":"getStoredToken","decl":{"start":{"line":50,"column":16},"end":{"line":50,"column":48}},"loc":{"start":{"line":50,"column":48},"end":{"line":52,"column":null}},"line":50},"6":{"name":"isAuthenticated","decl":{"start":{"line":54,"column":16},"end":{"line":54,"column":43}},"loc":{"start":{"line":54,"column":43},"end":{"line":56,"column":null}},"line":54},"7":{"name":"calculateRoute","decl":{"start":{"line":59,"column":22},"end":{"line":59,"column":37}},"loc":{"start":{"line":59,"column":81},"end":{"line":62,"column":null}},"line":59},"8":{"name":"getDistanceStats","decl":{"start":{"line":64,"column":22},"end":{"line":64,"column":39}},"loc":{"start":{"line":68,"column":34},"end":{"line":71,"column":null}},"line":68}},"branchMap":{"0":{"loc":{"start":{"line":4,"column":21},"end":{"line":4,"column":null}},"type":"binary-expr","locations":[{"start":{"line":4,"column":21},"end":{"line":4,"column":58}},{"start":{"line":4,"column":58},"end":{"line":4,"column":null}}],"line":4},"1":{"loc":{"start":{"line":18,"column":8},"end":{"line":20,"column":null}},"type":"if","locations":[{"start":{"line":18,"column":8},"end":{"line":20,"column":null}},{"start":{},"end":{}}],"line":18},"2":{"loc":{"start":{"line":32,"column":8},"end":{"line":36,"column":null}},"type":"if","locations":[{"start":{"line":32,"column":8},"end":{"line":36,"column":null}},{"start":{},"end":{}}],"line":32}},"s":{"0":1,"1":1,"2":1,"3":0,"4":0,"5":0,"6":0,"7":0,"8":1,"9":0,"10":0,"11":0,"12":0,"13":0,"14":0,"15":0,"16":1,"17":2,"18":0,"19":0,"20":0,"21":0},"f":{"0":0,"1":0,"2":0,"3":0,"4":0,"5":1,"6":2,"7":0,"8":0},"b":{"0":[1,1],"1":[0,0],"2":[0,0]},"meta":{"lastBranch":3,"lastFunction":9,"lastStatement":22,"seen":{"s:4:21:4:Infinity":0,"b:4:21:4:58:4:58:4:Infinity":0,"s:7:27:12:Infinity":1,"s:15:0:26:Infinity":2,"f:16:4:16:5":0,"s:17:22:17:Infinity":3,"b:18:8:20:Infinity:undefined:undefined:undefined:undefined":1,"s:18:8:20:Infinity":4,"s:19:12:19:Infinity":5,"s:21:8:21:Infinity":6,"f:23:4:23:5":1,"s:24:8:24:Infinity":7,"s:29:0:39:Infinity":8,"f:30:4:30:5":2,"s:30:18:30:Infinity":9,"f:31:4:31:5":3,"b:32:8:36:Infinity:undefined:undefined:undefined:undefined":2,"s:32:8:36:Infinity":10,"s:34:12:34:Infinity":11,"s:35:12:35:Infinity":12,"s:37:8:37:Infinity":13,"f:42:22:42:31":4,"s:43:21:46:Infinity":14,"s:47:4:47:Infinity":15,"f:50:16:50:48":5,"s:51:4:51:Infinity":16,"f:54:16:54:43":6,"s:55:4:55:Infinity":17,"f:59:22:59:37":7,"s:60:21:60:Infinity":18,"s:61:4:61:Infinity":19,"f:64:22:64:39":8,"s:69:21:69:Infinity":20,"s:70:4:70:Infinity":21}}}
}
